[debug] [2023-05-03T17:52:18.039Z] ----------------------------------------------------------------------
[debug] [2023-05-03T17:52:18.043Z] Command:       C:\Program Files\nodejs\node.exe C:\Users\El-Wattaneya\AppData\Roaming\npm\node_modules\firebase-tools\lib\bin\firebase.js deploy --only functions
[debug] [2023-05-03T17:52:18.045Z] CLI Version:   11.29.1
[debug] [2023-05-03T17:52:18.045Z] Platform:      win32
[debug] [2023-05-03T17:52:18.046Z] Node Version:  v16.18.0
[debug] [2023-05-03T17:52:18.048Z] Time:          Wed May 03 2023 19:52:18 GMT+0200 (Eastern European Standard Time)
[debug] [2023-05-03T17:52:18.049Z] ----------------------------------------------------------------------
[debug] 
[debug] [2023-05-03T17:52:18.230Z] > command requires scopes: ["email","openid","https://www.googleapis.com/auth/cloudplatformprojects.readonly","https://www.googleapis.com/auth/firebase","https://www.googleapis.com/auth/cloud-platform"]
[debug] [2023-05-03T17:52:18.231Z] > authorizing via signed-in user (mdmedoo7@gmail.com)
[debug] [2023-05-03T17:52:18.232Z] [iam] checking project fantasy-al for permissions ["cloudfunctions.functions.create","cloudfunctions.functions.delete","cloudfunctions.functions.get","cloudfunctions.functions.list","cloudfunctions.functions.update","cloudfunctions.operations.get","firebase.projects.get"]
[debug] [2023-05-03T17:52:18.237Z] >>> [apiv2][query] POST https://cloudresourcemanager.googleapis.com/v1/projects/fantasy-al:testIamPermissions [none]
[debug] [2023-05-03T17:52:18.237Z] >>> [apiv2][(partial)header] POST https://cloudresourcemanager.googleapis.com/v1/projects/fantasy-al:testIamPermissions x-goog-quota-user=projects/fantasy-al
[debug] [2023-05-03T17:52:18.237Z] >>> [apiv2][body] POST https://cloudresourcemanager.googleapis.com/v1/projects/fantasy-al:testIamPermissions {"permissions":["cloudfunctions.functions.create","cloudfunctions.functions.delete","cloudfunctions.functions.get","cloudfunctions.functions.list","cloudfunctions.functions.update","cloudfunctions.operations.get","firebase.projects.get"]}
[debug] [2023-05-03T17:52:19.551Z] <<< [apiv2][status] POST https://cloudresourcemanager.googleapis.com/v1/projects/fantasy-al:testIamPermissions 200
[debug] [2023-05-03T17:52:19.551Z] <<< [apiv2][body] POST https://cloudresourcemanager.googleapis.com/v1/projects/fantasy-al:testIamPermissions {"permissions":["cloudfunctions.functions.create","cloudfunctions.functions.delete","cloudfunctions.functions.get","cloudfunctions.functions.list","cloudfunctions.functions.update","cloudfunctions.operations.get","firebase.projects.get"]}
[debug] [2023-05-03T17:52:19.552Z] >>> [apiv2][query] POST https://iam.googleapis.com/v1/projects/fantasy-al/serviceAccounts/fantasy-al@appspot.gserviceaccount.com:testIamPermissions [none]
[debug] [2023-05-03T17:52:19.553Z] >>> [apiv2][body] POST https://iam.googleapis.com/v1/projects/fantasy-al/serviceAccounts/fantasy-al@appspot.gserviceaccount.com:testIamPermissions {"permissions":["iam.serviceAccounts.actAs"]}
[debug] [2023-05-03T17:52:20.384Z] <<< [apiv2][status] POST https://iam.googleapis.com/v1/projects/fantasy-al/serviceAccounts/fantasy-al@appspot.gserviceaccount.com:testIamPermissions 200
[debug] [2023-05-03T17:52:20.384Z] <<< [apiv2][body] POST https://iam.googleapis.com/v1/projects/fantasy-al/serviceAccounts/fantasy-al@appspot.gserviceaccount.com:testIamPermissions {"permissions":["iam.serviceAccounts.actAs"]}
[info] 
[info] === Deploying to 'fantasy-al'...
[info] 
[info] i  deploying functions 
[info] Running command: npm --prefix "$RESOURCE_DIR" run lint
[info] Running command: npm --prefix "$RESOURCE_DIR" run build
[info] +  functions: Finished running predeploy script. 
[debug] [2023-05-03T17:52:58.953Z] >>> [apiv2][query] GET https://firebase.googleapis.com/v1beta1/projects/fantasy-al [none]
[debug] [2023-05-03T17:52:59.394Z] <<< [apiv2][status] GET https://firebase.googleapis.com/v1beta1/projects/fantasy-al 200
[debug] [2023-05-03T17:52:59.395Z] <<< [apiv2][body] GET https://firebase.googleapis.com/v1beta1/projects/fantasy-al {"projectId":"fantasy-al","projectNumber":"964883751234","displayName":"fantasy-al","name":"projects/fantasy-al","resources":{"hostingSite":"fantasy-al","storageBucket":"fantasy-al.appspot.com","locationId":"europe-west"},"state":"ACTIVE","etag":"1_476aee17-9945-4743-ac42-3fcf8ceed390"}
[info] i  functions: preparing codebase default for deployment 
[info] i  functions: ensuring required API cloudfunctions.googleapis.com is enabled... 
[info] i  functions: ensuring required API cloudbuild.googleapis.com is enabled... 
[info] i  artifactregistry: ensuring required API artifactregistry.googleapis.com is enabled... 
[debug] [2023-05-03T17:52:59.404Z] >>> [apiv2][query] GET https://serviceusage.googleapis.com/v1/projects/fantasy-al/services/cloudfunctions.googleapis.com [none]
[debug] [2023-05-03T17:52:59.404Z] >>> [apiv2][(partial)header] GET https://serviceusage.googleapis.com/v1/projects/fantasy-al/services/cloudfunctions.googleapis.com x-goog-quota-user=projects/fantasy-al
[debug] [2023-05-03T17:52:59.407Z] >>> [apiv2][query] GET https://serviceusage.googleapis.com/v1/projects/fantasy-al/services/runtimeconfig.googleapis.com [none]
[debug] [2023-05-03T17:52:59.408Z] >>> [apiv2][(partial)header] GET https://serviceusage.googleapis.com/v1/projects/fantasy-al/services/runtimeconfig.googleapis.com x-goog-quota-user=projects/fantasy-al
[debug] [2023-05-03T17:52:59.410Z] >>> [apiv2][query] GET https://serviceusage.googleapis.com/v1/projects/fantasy-al/services/cloudbuild.googleapis.com [none]
[debug] [2023-05-03T17:52:59.410Z] >>> [apiv2][(partial)header] GET https://serviceusage.googleapis.com/v1/projects/fantasy-al/services/cloudbuild.googleapis.com x-goog-quota-user=projects/fantasy-al
[debug] [2023-05-03T17:52:59.413Z] >>> [apiv2][query] GET https://serviceusage.googleapis.com/v1/projects/fantasy-al/services/artifactregistry.googleapis.com [none]
[debug] [2023-05-03T17:52:59.413Z] >>> [apiv2][(partial)header] GET https://serviceusage.googleapis.com/v1/projects/fantasy-al/services/artifactregistry.googleapis.com x-goog-quota-user=projects/fantasy-al
[debug] [2023-05-03T17:53:00.549Z] <<< [apiv2][status] GET https://serviceusage.googleapis.com/v1/projects/fantasy-al/services/cloudbuild.googleapis.com 200
[debug] [2023-05-03T17:53:00.551Z] <<< [apiv2][body] GET https://serviceusage.googleapis.com/v1/projects/fantasy-al/services/cloudbuild.googleapis.com [omitted]
[info] +  functions: required API cloudbuild.googleapis.com is enabled 
[debug] [2023-05-03T17:53:00.556Z] <<< [apiv2][status] GET https://serviceusage.googleapis.com/v1/projects/fantasy-al/services/cloudfunctions.googleapis.com 200
[debug] [2023-05-03T17:53:00.556Z] <<< [apiv2][body] GET https://serviceusage.googleapis.com/v1/projects/fantasy-al/services/cloudfunctions.googleapis.com [omitted]
[info] +  functions: required API cloudfunctions.googleapis.com is enabled 
[debug] [2023-05-03T17:53:00.559Z] <<< [apiv2][status] GET https://serviceusage.googleapis.com/v1/projects/fantasy-al/services/artifactregistry.googleapis.com 200
[debug] [2023-05-03T17:53:00.559Z] <<< [apiv2][body] GET https://serviceusage.googleapis.com/v1/projects/fantasy-al/services/artifactregistry.googleapis.com [omitted]
[info] +  artifactregistry: required API artifactregistry.googleapis.com is enabled 
[debug] [2023-05-03T17:53:00.570Z] <<< [apiv2][status] GET https://serviceusage.googleapis.com/v1/projects/fantasy-al/services/runtimeconfig.googleapis.com 200
[debug] [2023-05-03T17:53:00.570Z] <<< [apiv2][body] GET https://serviceusage.googleapis.com/v1/projects/fantasy-al/services/runtimeconfig.googleapis.com [omitted]
[debug] [2023-05-03T17:53:00.571Z] >>> [apiv2][query] GET https://firebase.googleapis.com/v1beta1/projects/fantasy-al/adminSdkConfig [none]
[debug] [2023-05-03T17:53:00.968Z] <<< [apiv2][status] GET https://firebase.googleapis.com/v1beta1/projects/fantasy-al/adminSdkConfig 200
[debug] [2023-05-03T17:53:00.969Z] <<< [apiv2][body] GET https://firebase.googleapis.com/v1beta1/projects/fantasy-al/adminSdkConfig {"projectId":"fantasy-al","storageBucket":"fantasy-al.appspot.com","locationId":"europe-west"}
[debug] [2023-05-03T17:53:00.970Z] >>> [apiv2][query] GET https://runtimeconfig.googleapis.com/v1beta1/projects/fantasy-al/configs [none]
[debug] [2023-05-03T17:53:01.769Z] <<< [apiv2][status] GET https://runtimeconfig.googleapis.com/v1beta1/projects/fantasy-al/configs 200
[debug] [2023-05-03T17:53:01.769Z] <<< [apiv2][body] GET https://runtimeconfig.googleapis.com/v1beta1/projects/fantasy-al/configs {}
[debug] [2023-05-03T17:53:01.774Z] Validating nodejs source
[warn] !  functions: package.json indicates an outdated version of firebase-functions. Please upgrade using npm install --save firebase-functions@latest in your functions directory. 
[debug] [2023-05-03T17:53:06.578Z] > [functions] package.json contents: {
  "name": "functions",
  "scripts": {
    "lint": "eslint --ext .js,.ts .",
    "build": "tsc",
    "build:watch": "tsc --watch",
    "serve": "npm run build && firebase emulators:start --only functions",
    "shell": "npm run build && firebase functions:shell",
    "start": "npm run shell",
    "deploy": "firebase deploy --only functions",
    "logs": "firebase functions:log"
  },
  "engines": {
    "node": "16"
  },
  "main": "lib/index.js",
  "dependencies": {
    "firebase-admin": "^11.5.0",
    "firebase-functions": "^4.2.0"
  },
  "devDependencies": {
    "@typescript-eslint/eslint-plugin": "^5.12.0",
    "@typescript-eslint/parser": "^5.12.0",
    "eslint": "^8.9.0",
    "eslint-config-google": "^0.14.0",
    "eslint-plugin-import": "^2.25.4",
    "firebase-functions-test": "^3.0.0",
    "typescript": "^4.9.0"
  },
  "private": true
}
[debug] [2023-05-03T17:53:06.579Z] Building nodejs source
[debug] [2023-05-03T17:53:06.581Z] Could not find functions.yaml. Must use http discovery
[debug] [2023-05-03T17:53:06.601Z] Found firebase-functions binary at 'C:\Users\El-Wattaneya\Desktop\fantasy_next\functions\node_modules\.bin\firebase-functions'
[debug] [2023-05-03T17:53:07.280Z] Serving at port 8261

[debug] [2023-05-03T17:53:08.242Z] Got response from /__/functions.yaml {"endpoints":{"myRequestFunction":{"platform":"gcfv1","availableMemoryMb":null,"timeoutSeconds":null,"minInstances":null,"maxInstances":null,"ingressSettings":null,"serviceAccountEmail":null,"vpc":null,"httpsTrigger":{},"entryPoint":"myRequestFunction"}},"specVersion":"v1alpha1","requiredAPIs":[]}
[debug] [2023-05-03T17:53:08.268Z] shutdown requested via /__/quitquitquit

[info] i  functions: preparing functions directory for uploading... 
[info] i  functions: packaged C:\Users\El-Wattaneya\Desktop\fantasy_next\functions (85.52 KB) for uploading 
[debug] [2023-05-03T17:53:08.653Z] >>> [apiv2][query] GET https://cloudfunctions.googleapis.com/v1/projects/fantasy-al/locations/-/functions [none]
[debug] [2023-05-03T17:53:09.465Z] <<< [apiv2][status] GET https://cloudfunctions.googleapis.com/v1/projects/fantasy-al/locations/-/functions 200
[debug] [2023-05-03T17:53:09.466Z] <<< [apiv2][body] GET https://cloudfunctions.googleapis.com/v1/projects/fantasy-al/locations/-/functions {"functions":[{"name":"projects/fantasy-al/locations/us-central1/functions/myRequestFunction","httpsTrigger":{"url":"https://us-central1-fantasy-al.cloudfunctions.net/myRequestFunction","securityLevel":"SECURE_ALWAYS"},"status":"ACTIVE","entryPoint":"myRequestFunction","timeout":"60s","availableMemoryMb":256,"serviceAccountEmail":"fantasy-al@appspot.gserviceaccount.com","updateTime":"2023-05-03T17:46:07.172Z","versionId":"22","labels":{"deployment-tool":"cli-firebase","firebase-functions-hash":"88319d5e09c98ef53d47de5d1a012d5ea0e35413"},"sourceUploadUrl":"https://storage.googleapis.com/uploads-198449563718.us-central1.cloudfunctions.appspot.com/994e5e98-19e3-42b3-b3d0-023206357f85.zip","environmentVariables":{"FIREBASE_CONFIG":"{\"projectId\":\"fantasy-al\",\"storageBucket\":\"fantasy-al.appspot.com\",\"locationId\":\"europe-west\"}","GCLOUD_PROJECT":"fantasy-al","EVENTARC_CLOUD_EVENT_SOURCE":"projects/fantasy-al/locations/us-central1/functions/myRequestFunction"},"runtime":"nodejs16","ingressSettings":"ALLOW_ALL","buildId":"71b7c347-552e-4555-ba93-f5b6626121fc","buildEnvironmentVariables":{"GOOGLE_NODE_RUN_SCRIPTS":""},"buildName":"projects/964883751234/locations/us-central1/builds/71b7c347-552e-4555-ba93-f5b6626121fc","dockerRegistry":"ARTIFACT_REGISTRY"}]}
[debug] [2023-05-03T17:53:09.470Z] >>> [apiv2][query] GET https://cloudfunctions.googleapis.com/v2/projects/fantasy-al/locations/-/functions filter=environment%3D%22GEN_2%22
[debug] [2023-05-03T17:53:10.708Z] <<< [apiv2][status] GET https://cloudfunctions.googleapis.com/v2/projects/fantasy-al/locations/-/functions 200
[debug] [2023-05-03T17:53:10.708Z] <<< [apiv2][body] GET https://cloudfunctions.googleapis.com/v2/projects/fantasy-al/locations/-/functions {}
[debug] [2023-05-03T17:53:10.722Z] >>> [apiv2][query] GET https://firebase.googleapis.com/v1beta1/projects/fantasy-al [none]
[debug] [2023-05-03T17:53:11.196Z] <<< [apiv2][status] GET https://firebase.googleapis.com/v1beta1/projects/fantasy-al 200
[debug] [2023-05-03T17:53:11.196Z] <<< [apiv2][body] GET https://firebase.googleapis.com/v1beta1/projects/fantasy-al {"projectId":"fantasy-al","projectNumber":"964883751234","displayName":"fantasy-al","name":"projects/fantasy-al","resources":{"hostingSite":"fantasy-al","storageBucket":"fantasy-al.appspot.com","locationId":"europe-west"},"state":"ACTIVE","etag":"1_476aee17-9945-4743-ac42-3fcf8ceed390"}
[debug] [2023-05-03T17:53:11.200Z] >>> [apiv2][query] POST https://cloudfunctions.googleapis.com/v1/projects/fantasy-al/locations/us-central1/functions:generateUploadUrl [none]
[debug] [2023-05-03T17:53:11.200Z] >>> [apiv2][body] POST https://cloudfunctions.googleapis.com/v1/projects/fantasy-al/locations/us-central1/functions:generateUploadUrl {}
[debug] [2023-05-03T17:53:11.965Z] <<< [apiv2][status] POST https://cloudfunctions.googleapis.com/v1/projects/fantasy-al/locations/us-central1/functions:generateUploadUrl 200
[debug] [2023-05-03T17:53:11.965Z] <<< [apiv2][body] POST https://cloudfunctions.googleapis.com/v1/projects/fantasy-al/locations/us-central1/functions:generateUploadUrl {"uploadUrl":"https://storage.googleapis.com/uploads-198449563718.us-central1.cloudfunctions.appspot.com/96b7c0cf-157e-42de-8f7b-4519a5fc8c1f.zip?GoogleAccessId=service-964883751234@gcf-admin-robot.iam.gserviceaccount.com&Expires=1683138190&Signature=IS%2ByVg7VOYbyKPIA8S2939Ch6um1YiXfHSqJ0%2BTzvEl0KE2D2OSoUOZkYgCEriCULyH3KCXlJorfhksRhbPHinj3qaHvMbMvjvsuMsMKWgAiD7ZQ3jLBmGO0TB1ljm3wvvMiSSCd4GctuiC%2FiCZFwfPmM6fxqs8NtmMXyYe8ZjcaRtPoyuOhrnPBtNX%2BP6gVTYuWGOZrFd9o%2FC5dW2pcfhYpGsxJmnonAyDGM2Qb4KKvR2Dxjp1lZDCJ13ToNY3C0m%2Byfydtv77FuXXGjTVByX408Qc726j4O7PU9paeT2xA0LiYpK5vIhdsIHGHbgjlJZICaALneWJWkDINW5vLBg%3D%3D"}
[debug] [2023-05-03T17:53:11.967Z] >>> [apiv2][query] PUT https://storage.googleapis.com/uploads-198449563718.us-central1.cloudfunctions.appspot.com/96b7c0cf-157e-42de-8f7b-4519a5fc8c1f.zip GoogleAccessId=service-964883751234%40gcf-admin-robot.iam.gserviceaccount.com&Expires=1683138190&Signature=IS%2ByVg7VOYbyKPIA8S2939Ch6um1YiXfHSqJ0%2BTzvEl0KE2D2OSoUOZkYgCEriCULyH3KCXlJorfhksRhbPHinj3qaHvMbMvjvsuMsMKWgAiD7ZQ3jLBmGO0TB1ljm3wvvMiSSCd4GctuiC%2FiCZFwfPmM6fxqs8NtmMXyYe8ZjcaRtPoyuOhrnPBtNX%2BP6gVTYuWGOZrFd9o%2FC5dW2pcfhYpGsxJmnonAyDGM2Qb4KKvR2Dxjp1lZDCJ13ToNY3C0m%2Byfydtv77FuXXGjTVByX408Qc726j4O7PU9paeT2xA0LiYpK5vIhdsIHGHbgjlJZICaALneWJWkDINW5vLBg%3D%3D
[debug] [2023-05-03T17:53:11.967Z] >>> [apiv2][body] PUT https://storage.googleapis.com/uploads-198449563718.us-central1.cloudfunctions.appspot.com/96b7c0cf-157e-42de-8f7b-4519a5fc8c1f.zip [stream]
[debug] [2023-05-03T17:53:12.590Z] <<< [apiv2][status] PUT https://storage.googleapis.com/uploads-198449563718.us-central1.cloudfunctions.appspot.com/96b7c0cf-157e-42de-8f7b-4519a5fc8c1f.zip 200
[debug] [2023-05-03T17:53:12.590Z] <<< [apiv2][body] PUT https://storage.googleapis.com/uploads-198449563718.us-central1.cloudfunctions.appspot.com/96b7c0cf-157e-42de-8f7b-4519a5fc8c1f.zip [omitted]
[info] +  functions: functions folder uploaded successfully 
[info] i  functions: updating Node.js 16 function myRequestFunction(us-central1)... 
[debug] [2023-05-03T17:53:12.602Z] >>> [apiv2][query] PATCH https://cloudfunctions.googleapis.com/v1/projects/fantasy-al/locations/us-central1/functions/myRequestFunction updateMask=name%2CsourceUploadUrl%2CentryPoint%2Cruntime%2CdockerRegistry%2Clabels%2ChttpsTrigger.securityLevel%2CminInstances%2CmaxInstances%2CingressSettings%2CenvironmentVariables%2CserviceAccountEmail%2CavailableMemoryMb%2Ctimeout%2CvpcConnector%2CvpcConnectorEgressSettings%2CsourceToken%2CbuildEnvironmentVariables
[debug] [2023-05-03T17:53:12.603Z] >>> [apiv2][body] PATCH https://cloudfunctions.googleapis.com/v1/projects/fantasy-al/locations/us-central1/functions/myRequestFunction {"name":"projects/fantasy-al/locations/us-central1/functions/myRequestFunction","sourceUploadUrl":"https://storage.googleapis.com/uploads-198449563718.us-central1.cloudfunctions.appspot.com/96b7c0cf-157e-42de-8f7b-4519a5fc8c1f.zip?GoogleAccessId=service-964883751234@gcf-admin-robot.iam.gserviceaccount.com&Expires=1683138190&Signature=IS%2ByVg7VOYbyKPIA8S2939Ch6um1YiXfHSqJ0%2BTzvEl0KE2D2OSoUOZkYgCEriCULyH3KCXlJorfhksRhbPHinj3qaHvMbMvjvsuMsMKWgAiD7ZQ3jLBmGO0TB1ljm3wvvMiSSCd4GctuiC%2FiCZFwfPmM6fxqs8NtmMXyYe8ZjcaRtPoyuOhrnPBtNX%2BP6gVTYuWGOZrFd9o%2FC5dW2pcfhYpGsxJmnonAyDGM2Qb4KKvR2Dxjp1lZDCJ13ToNY3C0m%2Byfydtv77FuXXGjTVByX408Qc726j4O7PU9paeT2xA0LiYpK5vIhdsIHGHbgjlJZICaALneWJWkDINW5vLBg%3D%3D","entryPoint":"myRequestFunction","runtime":"nodejs16","dockerRegistry":"ARTIFACT_REGISTRY","labels":{"deployment-tool":"cli-firebase","firebase-functions-hash":"ce2d9b50864325a29c21dc2f57007bed4e85bfeb"},"httpsTrigger":{"securityLevel":"SECURE_ALWAYS"},"minInstances":null,"maxInstances":null,"ingressSettings":null,"environmentVariables":{"FIREBASE_CONFIG":"{\"projectId\":\"fantasy-al\",\"storageBucket\":\"fantasy-al.appspot.com\",\"locationId\":\"europe-west\"}","GCLOUD_PROJECT":"fantasy-al","EVENTARC_CLOUD_EVENT_SOURCE":"projects/fantasy-al/locations/us-central1/functions/myRequestFunction"},"serviceAccountEmail":null,"availableMemoryMb":null,"timeout":null,"vpcConnector":null,"vpcConnectorEgressSettings":null,"buildEnvironmentVariables":{"GOOGLE_NODE_RUN_SCRIPTS":""}}
[debug] [2023-05-03T17:53:13.343Z] <<< [apiv2][status] PATCH https://cloudfunctions.googleapis.com/v1/projects/fantasy-al/locations/us-central1/functions/myRequestFunction 200
[debug] [2023-05-03T17:53:13.343Z] <<< [apiv2][body] PATCH https://cloudfunctions.googleapis.com/v1/projects/fantasy-al/locations/us-central1/functions/myRequestFunction {"name":"operations/ZmFudGFzeS1hbC91cy1jZW50cmFsMS9teVJlcXVlc3RGdW5jdGlvbi9UY210MGNpandNTQ","metadata":{"@type":"type.googleapis.com/google.cloud.functions.v1.OperationMetadataV1","target":"projects/fantasy-al/locations/us-central1/functions/myRequestFunction","type":"UPDATE_FUNCTION","request":{"@type":"type.googleapis.com/google.cloud.functions.v1.CloudFunction","name":"projects/fantasy-al/locations/us-central1/functions/myRequestFunction","httpsTrigger":{"url":"https://us-central1-fantasy-al.cloudfunctions.net/myRequestFunction","securityLevel":"SECURE_ALWAYS"},"status":"ACTIVE","entryPoint":"myRequestFunction","updateTime":"2023-05-03T17:46:07.172Z","versionId":"22","labels":{"deployment-tool":"cli-firebase","firebase-functions-hash":"ce2d9b50864325a29c21dc2f57007bed4e85bfeb"},"sourceUploadUrl":"https://storage.googleapis.com/uploads-198449563718.us-central1.cloudfunctions.appspot.com/96b7c0cf-157e-42de-8f7b-4519a5fc8c1f.zip?GoogleAccessId=service-964883751234@gcf-admin-robot.iam.gserviceaccount.com&Expires=1683138190&Signature=IS%2ByVg7VOYbyKPIA8S2939Ch6um1YiXfHSqJ0%2BTzvEl0KE2D2OSoUOZkYgCEriCULyH3KCXlJorfhksRhbPHinj3qaHvMbMvjvsuMsMKWgAiD7ZQ3jLBmGO0TB1ljm3wvvMiSSCd4GctuiC%2FiCZFwfPmM6fxqs8NtmMXyYe8ZjcaRtPoyuOhrnPBtNX%2BP6gVTYuWGOZrFd9o%2FC5dW2pcfhYpGsxJmnonAyDGM2Qb4KKvR2Dxjp1lZDCJ13ToNY3C0m%2Byfydtv77FuXXGjTVByX408Qc726j4O7PU9paeT2xA0LiYpK5vIhdsIHGHbgjlJZICaALneWJWkDINW5vLBg%3D%3D","environmentVariables":{"FIREBASE_CONFIG":"{\"projectId\":\"fantasy-al\",\"storageBucket\":\"fantasy-al.appspot.com\",\"locationId\":\"europe-west\"}","GCLOUD_PROJECT":"fantasy-al","EVENTARC_CLOUD_EVENT_SOURCE":"projects/fantasy-al/locations/us-central1/functions/myRequestFunction"},"runtime":"nodejs16","buildId":"71b7c347-552e-4555-ba93-f5b6626121fc","buildEnvironmentVariables":{"GOOGLE_NODE_RUN_SCRIPTS":""},"buildName":"projects/964883751234/locations/us-central1/builds/71b7c347-552e-4555-ba93-f5b6626121fc","dockerRegistry":"ARTIFACT_REGISTRY"},"versionId":"23","updateTime":"2023-05-03T17:53:12Z"}}
[debug] [2023-05-03T17:53:13.344Z] >>> [apiv2][query] GET https://cloudfunctions.googleapis.com/v1/operations/ZmFudGFzeS1hbC91cy1jZW50cmFsMS9teVJlcXVlc3RGdW5jdGlvbi9UY210MGNpandNTQ [none]
[debug] [2023-05-03T17:53:13.709Z] <<< [apiv2][status] GET https://cloudfunctions.googleapis.com/v1/operations/ZmFudGFzeS1hbC91cy1jZW50cmFsMS9teVJlcXVlc3RGdW5jdGlvbi9UY210MGNpandNTQ 200
[debug] [2023-05-03T17:53:13.710Z] <<< [apiv2][body] GET https://cloudfunctions.googleapis.com/v1/operations/ZmFudGFzeS1hbC91cy1jZW50cmFsMS9teVJlcXVlc3RGdW5jdGlvbi9UY210MGNpandNTQ {"name":"operations/ZmFudGFzeS1hbC91cy1jZW50cmFsMS9teVJlcXVlc3RGdW5jdGlvbi9UY210MGNpandNTQ","metadata":{"@type":"type.googleapis.com/google.cloud.functions.v1.OperationMetadataV1","target":"projects/fantasy-al/locations/us-central1/functions/myRequestFunction","type":"UPDATE_FUNCTION","request":{"@type":"type.googleapis.com/google.cloud.functions.v1.CloudFunction","name":"projects/fantasy-al/locations/us-central1/functions/myRequestFunction","httpsTrigger":{"url":"https://us-central1-fantasy-al.cloudfunctions.net/myRequestFunction","securityLevel":"SECURE_ALWAYS"},"status":"ACTIVE","entryPoint":"myRequestFunction","updateTime":"2023-05-03T17:46:07.172Z","versionId":"22","labels":{"deployment-tool":"cli-firebase","firebase-functions-hash":"ce2d9b50864325a29c21dc2f57007bed4e85bfeb"},"sourceUploadUrl":"https://storage.googleapis.com/uploads-198449563718.us-central1.cloudfunctions.appspot.com/96b7c0cf-157e-42de-8f7b-4519a5fc8c1f.zip?GoogleAccessId=service-964883751234@gcf-admin-robot.iam.gserviceaccount.com&Expires=1683138190&Signature=IS%2ByVg7VOYbyKPIA8S2939Ch6um1YiXfHSqJ0%2BTzvEl0KE2D2OSoUOZkYgCEriCULyH3KCXlJorfhksRhbPHinj3qaHvMbMvjvsuMsMKWgAiD7ZQ3jLBmGO0TB1ljm3wvvMiSSCd4GctuiC%2FiCZFwfPmM6fxqs8NtmMXyYe8ZjcaRtPoyuOhrnPBtNX%2BP6gVTYuWGOZrFd9o%2FC5dW2pcfhYpGsxJmnonAyDGM2Qb4KKvR2Dxjp1lZDCJ13ToNY3C0m%2Byfydtv77FuXXGjTVByX408Qc726j4O7PU9paeT2xA0LiYpK5vIhdsIHGHbgjlJZICaALneWJWkDINW5vLBg%3D%3D","environmentVariables":{"FIREBASE_CONFIG":"{\"projectId\":\"fantasy-al\",\"storageBucket\":\"fantasy-al.appspot.com\",\"locationId\":\"europe-west\"}","GCLOUD_PROJECT":"fantasy-al","EVENTARC_CLOUD_EVENT_SOURCE":"projects/fantasy-al/locations/us-central1/functions/myRequestFunction"},"runtime":"nodejs16","buildId":"71b7c347-552e-4555-ba93-f5b6626121fc","buildEnvironmentVariables":{"GOOGLE_NODE_RUN_SCRIPTS":""},"buildName":"projects/964883751234/locations/us-central1/builds/71b7c347-552e-4555-ba93-f5b6626121fc","dockerRegistry":"ARTIFACT_REGISTRY"},"versionId":"23","updateTime":"2023-05-03T17:53:12Z"}}
[debug] [2023-05-03T17:53:14.214Z] [update-default-us-central1-myRequestFunction] Retrying task index 0
[debug] [2023-05-03T17:53:14.215Z] >>> [apiv2][query] GET https://cloudfunctions.googleapis.com/v1/operations/ZmFudGFzeS1hbC91cy1jZW50cmFsMS9teVJlcXVlc3RGdW5jdGlvbi9UY210MGNpandNTQ [none]
[debug] [2023-05-03T17:53:14.642Z] <<< [apiv2][status] GET https://cloudfunctions.googleapis.com/v1/operations/ZmFudGFzeS1hbC91cy1jZW50cmFsMS9teVJlcXVlc3RGdW5jdGlvbi9UY210MGNpandNTQ 200
[debug] [2023-05-03T17:53:14.642Z] <<< [apiv2][body] GET https://cloudfunctions.googleapis.com/v1/operations/ZmFudGFzeS1hbC91cy1jZW50cmFsMS9teVJlcXVlc3RGdW5jdGlvbi9UY210MGNpandNTQ {"name":"operations/ZmFudGFzeS1hbC91cy1jZW50cmFsMS9teVJlcXVlc3RGdW5jdGlvbi9UY210MGNpandNTQ","metadata":{"@type":"type.googleapis.com/google.cloud.functions.v1.OperationMetadataV1","target":"projects/fantasy-al/locations/us-central1/functions/myRequestFunction","type":"UPDATE_FUNCTION","request":{"@type":"type.googleapis.com/google.cloud.functions.v1.CloudFunction","name":"projects/fantasy-al/locations/us-central1/functions/myRequestFunction","httpsTrigger":{"url":"https://us-central1-fantasy-al.cloudfunctions.net/myRequestFunction","securityLevel":"SECURE_ALWAYS"},"status":"ACTIVE","entryPoint":"myRequestFunction","updateTime":"2023-05-03T17:46:07.172Z","versionId":"22","labels":{"deployment-tool":"cli-firebase","firebase-functions-hash":"ce2d9b50864325a29c21dc2f57007bed4e85bfeb"},"sourceUploadUrl":"https://storage.googleapis.com/uploads-198449563718.us-central1.cloudfunctions.appspot.com/96b7c0cf-157e-42de-8f7b-4519a5fc8c1f.zip?GoogleAccessId=service-964883751234@gcf-admin-robot.iam.gserviceaccount.com&Expires=1683138190&Signature=IS%2ByVg7VOYbyKPIA8S2939Ch6um1YiXfHSqJ0%2BTzvEl0KE2D2OSoUOZkYgCEriCULyH3KCXlJorfhksRhbPHinj3qaHvMbMvjvsuMsMKWgAiD7ZQ3jLBmGO0TB1ljm3wvvMiSSCd4GctuiC%2FiCZFwfPmM6fxqs8NtmMXyYe8ZjcaRtPoyuOhrnPBtNX%2BP6gVTYuWGOZrFd9o%2FC5dW2pcfhYpGsxJmnonAyDGM2Qb4KKvR2Dxjp1lZDCJ13ToNY3C0m%2Byfydtv77FuXXGjTVByX408Qc726j4O7PU9paeT2xA0LiYpK5vIhdsIHGHbgjlJZICaALneWJWkDINW5vLBg%3D%3D","environmentVariables":{"FIREBASE_CONFIG":"{\"projectId\":\"fantasy-al\",\"storageBucket\":\"fantasy-al.appspot.com\",\"locationId\":\"europe-west\"}","GCLOUD_PROJECT":"fantasy-al","EVENTARC_CLOUD_EVENT_SOURCE":"projects/fantasy-al/locations/us-central1/functions/myRequestFunction"},"runtime":"nodejs16","buildId":"71b7c347-552e-4555-ba93-f5b6626121fc","buildEnvironmentVariables":{"GOOGLE_NODE_RUN_SCRIPTS":""},"buildName":"projects/964883751234/locations/us-central1/builds/71b7c347-552e-4555-ba93-f5b6626121fc","dockerRegistry":"ARTIFACT_REGISTRY"},"versionId":"23","updateTime":"2023-05-03T17:53:12Z","buildId":"4b5d41f1-bc01-4a0a-aec6-97726c1ffa2e","buildName":"projects/964883751234/locations/us-central1/builds/4b5d41f1-bc01-4a0a-aec6-97726c1ffa2e"}}
[debug] [2023-05-03T17:53:15.647Z] [update-default-us-central1-myRequestFunction] Retrying task index 0
[debug] [2023-05-03T17:53:15.647Z] >>> [apiv2][query] GET https://cloudfunctions.googleapis.com/v1/operations/ZmFudGFzeS1hbC91cy1jZW50cmFsMS9teVJlcXVlc3RGdW5jdGlvbi9UY210MGNpandNTQ [none]
[debug] [2023-05-03T17:53:16.004Z] <<< [apiv2][status] GET https://cloudfunctions.googleapis.com/v1/operations/ZmFudGFzeS1hbC91cy1jZW50cmFsMS9teVJlcXVlc3RGdW5jdGlvbi9UY210MGNpandNTQ 200
[debug] [2023-05-03T17:53:16.004Z] <<< [apiv2][body] GET https://cloudfunctions.googleapis.com/v1/operations/ZmFudGFzeS1hbC91cy1jZW50cmFsMS9teVJlcXVlc3RGdW5jdGlvbi9UY210MGNpandNTQ {"name":"operations/ZmFudGFzeS1hbC91cy1jZW50cmFsMS9teVJlcXVlc3RGdW5jdGlvbi9UY210MGNpandNTQ","metadata":{"@type":"type.googleapis.com/google.cloud.functions.v1.OperationMetadataV1","target":"projects/fantasy-al/locations/us-central1/functions/myRequestFunction","type":"UPDATE_FUNCTION","request":{"@type":"type.googleapis.com/google.cloud.functions.v1.CloudFunction","name":"projects/fantasy-al/locations/us-central1/functions/myRequestFunction","httpsTrigger":{"url":"https://us-central1-fantasy-al.cloudfunctions.net/myRequestFunction","securityLevel":"SECURE_ALWAYS"},"status":"ACTIVE","entryPoint":"myRequestFunction","updateTime":"2023-05-03T17:46:07.172Z","versionId":"22","labels":{"deployment-tool":"cli-firebase","firebase-functions-hash":"ce2d9b50864325a29c21dc2f57007bed4e85bfeb"},"sourceUploadUrl":"https://storage.googleapis.com/uploads-198449563718.us-central1.cloudfunctions.appspot.com/96b7c0cf-157e-42de-8f7b-4519a5fc8c1f.zip?GoogleAccessId=service-964883751234@gcf-admin-robot.iam.gserviceaccount.com&Expires=1683138190&Signature=IS%2ByVg7VOYbyKPIA8S2939Ch6um1YiXfHSqJ0%2BTzvEl0KE2D2OSoUOZkYgCEriCULyH3KCXlJorfhksRhbPHinj3qaHvMbMvjvsuMsMKWgAiD7ZQ3jLBmGO0TB1ljm3wvvMiSSCd4GctuiC%2FiCZFwfPmM6fxqs8NtmMXyYe8ZjcaRtPoyuOhrnPBtNX%2BP6gVTYuWGOZrFd9o%2FC5dW2pcfhYpGsxJmnonAyDGM2Qb4KKvR2Dxjp1lZDCJ13ToNY3C0m%2Byfydtv77FuXXGjTVByX408Qc726j4O7PU9paeT2xA0LiYpK5vIhdsIHGHbgjlJZICaALneWJWkDINW5vLBg%3D%3D","environmentVariables":{"FIREBASE_CONFIG":"{\"projectId\":\"fantasy-al\",\"storageBucket\":\"fantasy-al.appspot.com\",\"locationId\":\"europe-west\"}","GCLOUD_PROJECT":"fantasy-al","EVENTARC_CLOUD_EVENT_SOURCE":"projects/fantasy-al/locations/us-central1/functions/myRequestFunction"},"runtime":"nodejs16","buildId":"71b7c347-552e-4555-ba93-f5b6626121fc","buildEnvironmentVariables":{"GOOGLE_NODE_RUN_SCRIPTS":""},"buildName":"projects/964883751234/locations/us-central1/builds/71b7c347-552e-4555-ba93-f5b6626121fc","dockerRegistry":"ARTIFACT_REGISTRY"},"versionId":"23","updateTime":"2023-05-03T17:53:12Z","buildId":"4b5d41f1-bc01-4a0a-aec6-97726c1ffa2e","buildName":"projects/964883751234/locations/us-central1/builds/4b5d41f1-bc01-4a0a-aec6-97726c1ffa2e"}}
[debug] [2023-05-03T17:53:18.016Z] [update-default-us-central1-myRequestFunction] Retrying task index 0
[debug] [2023-05-03T17:53:18.017Z] >>> [apiv2][query] GET https://cloudfunctions.googleapis.com/v1/operations/ZmFudGFzeS1hbC91cy1jZW50cmFsMS9teVJlcXVlc3RGdW5jdGlvbi9UY210MGNpandNTQ [none]
[debug] [2023-05-03T17:53:18.358Z] <<< [apiv2][status] GET https://cloudfunctions.googleapis.com/v1/operations/ZmFudGFzeS1hbC91cy1jZW50cmFsMS9teVJlcXVlc3RGdW5jdGlvbi9UY210MGNpandNTQ 200
[debug] [2023-05-03T17:53:18.358Z] <<< [apiv2][body] GET https://cloudfunctions.googleapis.com/v1/operations/ZmFudGFzeS1hbC91cy1jZW50cmFsMS9teVJlcXVlc3RGdW5jdGlvbi9UY210MGNpandNTQ {"name":"operations/ZmFudGFzeS1hbC91cy1jZW50cmFsMS9teVJlcXVlc3RGdW5jdGlvbi9UY210MGNpandNTQ","metadata":{"@type":"type.googleapis.com/google.cloud.functions.v1.OperationMetadataV1","target":"projects/fantasy-al/locations/us-central1/functions/myRequestFunction","type":"UPDATE_FUNCTION","request":{"@type":"type.googleapis.com/google.cloud.functions.v1.CloudFunction","name":"projects/fantasy-al/locations/us-central1/functions/myRequestFunction","httpsTrigger":{"url":"https://us-central1-fantasy-al.cloudfunctions.net/myRequestFunction","securityLevel":"SECURE_ALWAYS"},"status":"ACTIVE","entryPoint":"myRequestFunction","updateTime":"2023-05-03T17:46:07.172Z","versionId":"22","labels":{"deployment-tool":"cli-firebase","firebase-functions-hash":"ce2d9b50864325a29c21dc2f57007bed4e85bfeb"},"sourceUploadUrl":"https://storage.googleapis.com/uploads-198449563718.us-central1.cloudfunctions.appspot.com/96b7c0cf-157e-42de-8f7b-4519a5fc8c1f.zip?GoogleAccessId=service-964883751234@gcf-admin-robot.iam.gserviceaccount.com&Expires=1683138190&Signature=IS%2ByVg7VOYbyKPIA8S2939Ch6um1YiXfHSqJ0%2BTzvEl0KE2D2OSoUOZkYgCEriCULyH3KCXlJorfhksRhbPHinj3qaHvMbMvjvsuMsMKWgAiD7ZQ3jLBmGO0TB1ljm3wvvMiSSCd4GctuiC%2FiCZFwfPmM6fxqs8NtmMXyYe8ZjcaRtPoyuOhrnPBtNX%2BP6gVTYuWGOZrFd9o%2FC5dW2pcfhYpGsxJmnonAyDGM2Qb4KKvR2Dxjp1lZDCJ13ToNY3C0m%2Byfydtv77FuXXGjTVByX408Qc726j4O7PU9paeT2xA0LiYpK5vIhdsIHGHbgjlJZICaALneWJWkDINW5vLBg%3D%3D","environmentVariables":{"FIREBASE_CONFIG":"{\"projectId\":\"fantasy-al\",\"storageBucket\":\"fantasy-al.appspot.com\",\"locationId\":\"europe-west\"}","GCLOUD_PROJECT":"fantasy-al","EVENTARC_CLOUD_EVENT_SOURCE":"projects/fantasy-al/locations/us-central1/functions/myRequestFunction"},"runtime":"nodejs16","buildId":"71b7c347-552e-4555-ba93-f5b6626121fc","buildEnvironmentVariables":{"GOOGLE_NODE_RUN_SCRIPTS":""},"buildName":"projects/964883751234/locations/us-central1/builds/71b7c347-552e-4555-ba93-f5b6626121fc","dockerRegistry":"ARTIFACT_REGISTRY"},"versionId":"23","updateTime":"2023-05-03T17:53:12Z","buildId":"4b5d41f1-bc01-4a0a-aec6-97726c1ffa2e","buildName":"projects/964883751234/locations/us-central1/builds/4b5d41f1-bc01-4a0a-aec6-97726c1ffa2e"}}
[debug] [2023-05-03T17:53:22.358Z] [update-default-us-central1-myRequestFunction] Retrying task index 0
[debug] [2023-05-03T17:53:22.359Z] >>> [apiv2][query] GET https://cloudfunctions.googleapis.com/v1/operations/ZmFudGFzeS1hbC91cy1jZW50cmFsMS9teVJlcXVlc3RGdW5jdGlvbi9UY210MGNpandNTQ [none]
[debug] [2023-05-03T17:53:22.698Z] <<< [apiv2][status] GET https://cloudfunctions.googleapis.com/v1/operations/ZmFudGFzeS1hbC91cy1jZW50cmFsMS9teVJlcXVlc3RGdW5jdGlvbi9UY210MGNpandNTQ 200
[debug] [2023-05-03T17:53:22.698Z] <<< [apiv2][body] GET https://cloudfunctions.googleapis.com/v1/operations/ZmFudGFzeS1hbC91cy1jZW50cmFsMS9teVJlcXVlc3RGdW5jdGlvbi9UY210MGNpandNTQ {"name":"operations/ZmFudGFzeS1hbC91cy1jZW50cmFsMS9teVJlcXVlc3RGdW5jdGlvbi9UY210MGNpandNTQ","metadata":{"@type":"type.googleapis.com/google.cloud.functions.v1.OperationMetadataV1","target":"projects/fantasy-al/locations/us-central1/functions/myRequestFunction","type":"UPDATE_FUNCTION","request":{"@type":"type.googleapis.com/google.cloud.functions.v1.CloudFunction","name":"projects/fantasy-al/locations/us-central1/functions/myRequestFunction","httpsTrigger":{"url":"https://us-central1-fantasy-al.cloudfunctions.net/myRequestFunction","securityLevel":"SECURE_ALWAYS"},"status":"ACTIVE","entryPoint":"myRequestFunction","updateTime":"2023-05-03T17:46:07.172Z","versionId":"22","labels":{"deployment-tool":"cli-firebase","firebase-functions-hash":"ce2d9b50864325a29c21dc2f57007bed4e85bfeb"},"sourceUploadUrl":"https://storage.googleapis.com/uploads-198449563718.us-central1.cloudfunctions.appspot.com/96b7c0cf-157e-42de-8f7b-4519a5fc8c1f.zip?GoogleAccessId=service-964883751234@gcf-admin-robot.iam.gserviceaccount.com&Expires=1683138190&Signature=IS%2ByVg7VOYbyKPIA8S2939Ch6um1YiXfHSqJ0%2BTzvEl0KE2D2OSoUOZkYgCEriCULyH3KCXlJorfhksRhbPHinj3qaHvMbMvjvsuMsMKWgAiD7ZQ3jLBmGO0TB1ljm3wvvMiSSCd4GctuiC%2FiCZFwfPmM6fxqs8NtmMXyYe8ZjcaRtPoyuOhrnPBtNX%2BP6gVTYuWGOZrFd9o%2FC5dW2pcfhYpGsxJmnonAyDGM2Qb4KKvR2Dxjp1lZDCJ13ToNY3C0m%2Byfydtv77FuXXGjTVByX408Qc726j4O7PU9paeT2xA0LiYpK5vIhdsIHGHbgjlJZICaALneWJWkDINW5vLBg%3D%3D","environmentVariables":{"FIREBASE_CONFIG":"{\"projectId\":\"fantasy-al\",\"storageBucket\":\"fantasy-al.appspot.com\",\"locationId\":\"europe-west\"}","GCLOUD_PROJECT":"fantasy-al","EVENTARC_CLOUD_EVENT_SOURCE":"projects/fantasy-al/locations/us-central1/functions/myRequestFunction"},"runtime":"nodejs16","buildId":"71b7c347-552e-4555-ba93-f5b6626121fc","buildEnvironmentVariables":{"GOOGLE_NODE_RUN_SCRIPTS":""},"buildName":"projects/964883751234/locations/us-central1/builds/71b7c347-552e-4555-ba93-f5b6626121fc","dockerRegistry":"ARTIFACT_REGISTRY"},"versionId":"23","updateTime":"2023-05-03T17:53:12Z","buildId":"4b5d41f1-bc01-4a0a-aec6-97726c1ffa2e","buildName":"projects/964883751234/locations/us-central1/builds/4b5d41f1-bc01-4a0a-aec6-97726c1ffa2e"}}
[debug] [2023-05-03T17:53:30.711Z] [update-default-us-central1-myRequestFunction] Retrying task index 0
[debug] [2023-05-03T17:53:30.712Z] >>> [apiv2][query] GET https://cloudfunctions.googleapis.com/v1/operations/ZmFudGFzeS1hbC91cy1jZW50cmFsMS9teVJlcXVlc3RGdW5jdGlvbi9UY210MGNpandNTQ [none]
[debug] [2023-05-03T17:53:31.031Z] <<< [apiv2][status] GET https://cloudfunctions.googleapis.com/v1/operations/ZmFudGFzeS1hbC91cy1jZW50cmFsMS9teVJlcXVlc3RGdW5jdGlvbi9UY210MGNpandNTQ 200
[debug] [2023-05-03T17:53:31.031Z] <<< [apiv2][body] GET https://cloudfunctions.googleapis.com/v1/operations/ZmFudGFzeS1hbC91cy1jZW50cmFsMS9teVJlcXVlc3RGdW5jdGlvbi9UY210MGNpandNTQ {"name":"operations/ZmFudGFzeS1hbC91cy1jZW50cmFsMS9teVJlcXVlc3RGdW5jdGlvbi9UY210MGNpandNTQ","metadata":{"@type":"type.googleapis.com/google.cloud.functions.v1.OperationMetadataV1","target":"projects/fantasy-al/locations/us-central1/functions/myRequestFunction","type":"UPDATE_FUNCTION","request":{"@type":"type.googleapis.com/google.cloud.functions.v1.CloudFunction","name":"projects/fantasy-al/locations/us-central1/functions/myRequestFunction","httpsTrigger":{"url":"https://us-central1-fantasy-al.cloudfunctions.net/myRequestFunction","securityLevel":"SECURE_ALWAYS"},"status":"ACTIVE","entryPoint":"myRequestFunction","updateTime":"2023-05-03T17:46:07.172Z","versionId":"22","labels":{"deployment-tool":"cli-firebase","firebase-functions-hash":"ce2d9b50864325a29c21dc2f57007bed4e85bfeb"},"sourceUploadUrl":"https://storage.googleapis.com/uploads-198449563718.us-central1.cloudfunctions.appspot.com/96b7c0cf-157e-42de-8f7b-4519a5fc8c1f.zip?GoogleAccessId=service-964883751234@gcf-admin-robot.iam.gserviceaccount.com&Expires=1683138190&Signature=IS%2ByVg7VOYbyKPIA8S2939Ch6um1YiXfHSqJ0%2BTzvEl0KE2D2OSoUOZkYgCEriCULyH3KCXlJorfhksRhbPHinj3qaHvMbMvjvsuMsMKWgAiD7ZQ3jLBmGO0TB1ljm3wvvMiSSCd4GctuiC%2FiCZFwfPmM6fxqs8NtmMXyYe8ZjcaRtPoyuOhrnPBtNX%2BP6gVTYuWGOZrFd9o%2FC5dW2pcfhYpGsxJmnonAyDGM2Qb4KKvR2Dxjp1lZDCJ13ToNY3C0m%2Byfydtv77FuXXGjTVByX408Qc726j4O7PU9paeT2xA0LiYpK5vIhdsIHGHbgjlJZICaALneWJWkDINW5vLBg%3D%3D","environmentVariables":{"FIREBASE_CONFIG":"{\"projectId\":\"fantasy-al\",\"storageBucket\":\"fantasy-al.appspot.com\",\"locationId\":\"europe-west\"}","GCLOUD_PROJECT":"fantasy-al","EVENTARC_CLOUD_EVENT_SOURCE":"projects/fantasy-al/locations/us-central1/functions/myRequestFunction"},"runtime":"nodejs16","buildId":"71b7c347-552e-4555-ba93-f5b6626121fc","buildEnvironmentVariables":{"GOOGLE_NODE_RUN_SCRIPTS":""},"buildName":"projects/964883751234/locations/us-central1/builds/71b7c347-552e-4555-ba93-f5b6626121fc","dockerRegistry":"ARTIFACT_REGISTRY"},"versionId":"23","updateTime":"2023-05-03T17:53:12Z","buildId":"4b5d41f1-bc01-4a0a-aec6-97726c1ffa2e","buildName":"projects/964883751234/locations/us-central1/builds/4b5d41f1-bc01-4a0a-aec6-97726c1ffa2e"}}
